<?xml version="1.0" encoding="UTF-8"?>
<testng-results ignored="0" total="1" passed="1" failed="0" skipped="0">
  <reporter-output>
  </reporter-output>
  <suite started-at="2024-02-27T08:00:06 IST" name="Default suite" finished-at="2024-02-27T08:00:10 IST" duration-ms="4501">
    <groups>
    </groups>
    <test started-at="2024-02-27T08:00:06 IST" name="Default test" finished-at="2024-02-27T08:00:10 IST" duration-ms="4501">
      <class name="Example.Launch">
        <test-method signature="browserlaunch()[pri:0, instance:Example.Launch@747ddf94]" started-at="2024-02-27T08:00:06 IST" name="browserlaunch" finished-at="2024-02-27T08:00:10 IST" duration-ms="4420" status="PASS">
          <reporter-output>
          </reporter-output>
        </test-method> <!-- browserlaunch -->
      </class> <!-- Example.Launch -->
    </test> <!-- Default test -->
  </suite> <!-- Default suite -->
</testng-results>
